<?xml version="1.0" encoding="UTF-8"?>
<testsuite xmlns:xsi="http://www.w3.org/2001/XMLSchema-instance" xsi:noNamespaceSchemaLocation="https://maven.apache.org/surefire/maven-surefire-plugin/xsd/surefire-test-report.xsd" name="com.monetdb.ais.AisMessageDecodeTest" time="0.106" tests="11" errors="0" skipped="0" failures="0">
  <properties>
[...]
</properties>
  <testcase name="decodeFromFile" classname="com.monetdb.ais.AisMessageDecodeTest" time="0.053"/>
  <testcase name="successfullyDecodeMultipleMessages" classname="com.monetdb.ais.AisMessageDecodeTest" time="0"/>
  <testcase name="successfullyDecodeMessagesInWrongOrder" classname="com.monetdb.ais.AisMessageDecodeTest" time="0.003"/>
  <testcase name="decodeMultipleMessagesNotSequential" classname="com.monetdb.ais.AisMessageDecodeTest" time="0"/>
  <testcase name="decodeMultipleMessages" classname="com.monetdb.ais.AisMessageDecodeTest" time="0.002"/>
  <testcase name="successfullyDecodeAMessageWithOtherPrefix" classname="com.monetdb.ais.AisMessageDecodeTest" time="0"/>
  <testcase name="successfullyDecodeAMessage" classname="com.monetdb.ais.AisMessageDecodeTest" time="0"/>
  <testcase name="successfullyDecodeMessagesWithHighId" classname="com.monetdb.ais.AisMessageDecodeTest" time="0.001"/>
  <testcase name="successfullyDecodeAMessageWithPrefix" classname="com.monetdb.ais.AisMessageDecodeTest" time="0"/>
  <testcase name="successfullyDecodeMultipleMessagesWithSameId" classname="com.monetdb.ais.AisMessageDecodeTest" time="0.002"/>
  <testcase name="decodeMissingMessages" classname="com.monetdb.ais.AisMessageDecodeTest" time="0.02"/>
</testsuite>